0 info it worked if it ends with ok
1 verbose cli [ '/usr/bin/node', '/usr/bin/npm', 'install', '-g', 'minifycss' ]
2 info using npm@1.4.28
3 info using node@v0.10.37
4 verbose node symlink /usr/bin/node
5 verbose cache add [ 'minifycss', null ]
6 verbose cache add name=undefined spec="minifycss" args=["minifycss",null]
7 verbose parsed url { protocol: null,
7 verbose parsed url   slashes: null,
7 verbose parsed url   auth: null,
7 verbose parsed url   host: null,
7 verbose parsed url   port: null,
7 verbose parsed url   hostname: null,
7 verbose parsed url   hash: null,
7 verbose parsed url   search: null,
7 verbose parsed url   query: null,
7 verbose parsed url   pathname: 'minifycss',
7 verbose parsed url   path: 'minifycss',
7 verbose parsed url   href: 'minifycss' }
8 silly lockFile eb22b0f0-minifycss minifycss
9 verbose lock minifycss /home/z/.npm/eb22b0f0-minifycss.lock
10 silly lockFile eb22b0f0-minifycss minifycss
11 silly lockFile eb22b0f0-minifycss minifycss
12 verbose addNamed [ 'minifycss', '' ]
13 verbose addNamed [ null, '*' ]
14 silly lockFile 259ff235-minifycss minifycss@
15 verbose lock minifycss@ /home/z/.npm/259ff235-minifycss.lock
16 silly addNameRange { name: 'minifycss', range: '*', hasData: false }
17 verbose request where is /minifycss
18 verbose request registry https://registry.npmjs.org/
19 verbose request id d189744e8b00776a
20 verbose url raw /minifycss
21 verbose url resolving [ 'https://registry.npmjs.org/', './minifycss' ]
22 verbose url resolved https://registry.npmjs.org/minifycss
23 verbose request where is https://registry.npmjs.org/minifycss
24 info trying registry request attempt 1 at 00:26:14
25 http GET https://registry.npmjs.org/minifycss
26 http 404 https://registry.npmjs.org/minifycss
27 silly registry.get cb [ 404,
27 silly registry.get   { 'content-type': 'application/json',
27 silly registry.get     'cache-control': 'max-age=0',
27 silly registry.get     'content-length': '2',
27 silly registry.get     'accept-ranges': 'bytes',
27 silly registry.get     date: 'Mon, 31 Aug 2015 21:26:16 GMT',
27 silly registry.get     via: '1.1 varnish',
27 silly registry.get     age: '0',
27 silly registry.get     connection: 'keep-alive',
27 silly registry.get     'x-served-by': 'cache-fra1232-FRA',
27 silly registry.get     'x-cache': 'MISS',
27 silly registry.get     'x-cache-hits': '0',
27 silly registry.get     'x-timer': 'S1441056376.187371,VS0,VE104' } ]
28 silly lockFile 259ff235-minifycss minifycss@
29 silly lockFile 259ff235-minifycss minifycss@
30 error 404 Not Found
30 error 404
30 error 404 'minifycss' is not in the npm registry.
30 error 404 You should bug the author to publish it
30 error 404
30 error 404 Note that you can also install from a
30 error 404 tarball, folder, or http url, or git url.
31 error System Linux 3.16.0-46-generic
32 error command "/usr/bin/node" "/usr/bin/npm" "install" "-g" "minifycss"
33 error cwd /home/z/nginx/mono/firestarter
34 error node -v v0.10.37
35 error npm -v 1.4.28
36 error code E404
37 verbose exit [ 1, true ]
